{
  "RSpec": {
    "coverage": {
      "/home/slon/mounted/projects/worktest/meta-studio/news-api/app/controllers/age_categories_controller.rb": {
        "lines": [
          null,
          null,
          1,
          1,
          2,
          null,
          2,
          null,
          null
        ]
      },
      "/home/slon/mounted/projects/worktest/meta-studio/news-api/app/controllers/api_controller.rb": {
        "lines": [
          null,
          null,
          1,
          null,
          1,
          1,
          null,
          1,
          1,
          null,
          1,
          null,
          1,
          15,
          null,
          null,
          1,
          15,
          15,
          null,
          null
        ]
      },
      "/home/slon/mounted/projects/worktest/meta-studio/news-api/app/controllers/application_controller.rb": {
        "lines": [
          null,
          null,
          1,
          null
        ]
      },
      "/home/slon/mounted/projects/worktest/meta-studio/news-api/app/controllers/concerns/authentication.rb": {
        "lines": [
          null,
          null,
          1,
          1,
          null,
          1,
          1,
          null,
          null,
          1,
          null,
          1,
          12,
          12,
          12,
          12,
          12,
          null,
          null,
          1,
          12,
          null,
          12,
          null,
          null
        ]
      },
      "/home/slon/mounted/projects/worktest/meta-studio/news-api/app/controllers/authentication_controller.rb": {
        "lines": [
          null,
          null,
          1,
          1,
          1,
          null,
          1,
          2,
          2,
          2,
          1,
          null,
          null,
          null,
          null,
          null,
          null,
          null,
          1,
          null,
          null,
          null,
          1,
          null,
          1,
          2,
          null,
          null,
          1,
          2,
          null,
          null,
          null,
          null,
          null,
          1,
          10,
          null,
          null,
          null,
          null,
          null,
          10,
          10,
          null,
          null
        ]
      },
      "/home/slon/mounted/projects/worktest/meta-studio/news-api/app/controllers/news_categories_controller.rb": {
        "lines": [
          null,
          null,
          1,
          1,
          2,
          2,
          null,
          null
        ]
      },
      "/home/slon/mounted/projects/worktest/meta-studio/news-api/app/controllers/news_controller.rb": {
        "lines": [
          null,
          null,
          1,
          1,
          null,
          1,
          2,
          2,
          2,
          null,
          null,
          1,
          1,
          1,
          null,
          null,
          1,
          1,
          1,
          null,
          null,
          1,
          1,
          1,
          null,
          null,
          1,
          null,
          1,
          4,
          null,
          null,
          null,
          null,
          null,
          null,
          null,
          null,
          null,
          null,
          1,
          4,
          4,
          4,
          null,
          null,
          1,
          2,
          2,
          2,
          null,
          null,
          1,
          2,
          null,
          null,
          1,
          2,
          null,
          null
        ]
      },
      "/home/slon/mounted/projects/worktest/meta-studio/news-api/app/controllers/users_controller.rb": {
        "lines": [
          null,
          null,
          1,
          1,
          null,
          1,
          1,
          null,
          null,
          1,
          3,
          null,
          3,
          2,
          null,
          1,
          null,
          null,
          null,
          1,
          null,
          1,
          3,
          3,
          null,
          null
        ]
      },
      "/home/slon/mounted/projects/worktest/meta-studio/news-api/app/models/age_category.rb": {
        "lines": [
          null,
          null,
          1,
          1,
          null,
          1,
          null,
          1,
          3,
          5,
          null,
          null,
          null
        ]
      },
      "/home/slon/mounted/projects/worktest/meta-studio/news-api/app/models/concerns/without_table.rb": {
        "lines": [
          null,
          null,
          1,
          1,
          null,
          1,
          2,
          2,
          2,
          2,
          null,
          2,
          null,
          null,
          2,
          27,
          9,
          null,
          null,
          null,
          2,
          null,
          null,
          2,
          null,
          null,
          null,
          null
        ]
      },
      "/home/slon/mounted/projects/worktest/meta-studio/news-api/app/models/news_category.rb": {
        "lines": [
          null,
          null,
          1,
          1,
          null,
          1,
          null,
          1,
          null,
          1,
          3,
          4,
          null,
          null,
          null
        ]
      },
      "/home/slon/mounted/projects/worktest/meta-studio/news-api/app/models/news.rb": {
        "lines": [
          null,
          null,
          1,
          1,
          1,
          null,
          1,
          1,
          1,
          1,
          null
        ]
      },
      "/home/slon/mounted/projects/worktest/meta-studio/news-api/app/models/application_record.rb": {
        "lines": [
          null,
          null,
          1,
          1,
          null
        ]
      },
      "/home/slon/mounted/projects/worktest/meta-studio/news-api/app/models/concerns/with_pagination.rb": {
        "lines": [
          null,
          null,
          null,
          null,
          1,
          1,
          null,
          1,
          1,
          2,
          2,
          null,
          null,
          1,
          8,
          null,
          null,
          1,
          2,
          null,
          null,
          1,
          4,
          null,
          null,
          1,
          null,
          2,
          null,
          null,
          null,
          null,
          null,
          null
        ]
      },
      "/home/slon/mounted/projects/worktest/meta-studio/news-api/app/models/user.rb": {
        "lines": [
          null,
          null,
          1,
          1,
          null,
          1,
          1,
          null
        ]
      },
      "/home/slon/mounted/projects/worktest/meta-studio/news-api/lib/authenticate_user.rb": {
        "lines": [
          null,
          null,
          1,
          1,
          null,
          1,
          12,
          12,
          null,
          null,
          1,
          12,
          null,
          null,
          1,
          null,
          1,
          null,
          1,
          23,
          23,
          null,
          1,
          null,
          null,
          null
        ]
      },
      "/home/slon/mounted/projects/worktest/meta-studio/news-api/lib/json_web_token.rb": {
        "lines": [
          null,
          null,
          1,
          1,
          1,
          11,
          11,
          null,
          null,
          1,
          12,
          10,
          null,
          2,
          null,
          null,
          null
        ]
      },
      "/home/slon/mounted/projects/worktest/meta-studio/news-api/app/models/current.rb": {
        "lines": [
          null,
          null,
          1,
          1,
          1,
          1,
          null,
          1,
          null,
          1,
          14,
          14,
          null,
          null,
          1,
          15,
          15,
          null,
          null
        ]
      },
      "/home/slon/mounted/projects/worktest/meta-studio/news-api/lib/authorize_api_request.rb": {
        "lines": [
          null,
          null,
          1,
          1,
          null,
          1,
          null,
          1,
          12,
          null,
          null,
          1,
          12,
          12,
          null,
          null,
          1,
          null,
          1,
          12,
          null,
          10,
          null,
          null,
          1,
          22,
          null,
          null,
          1,
          24,
          null,
          null
        ]
      },
      "/home/slon/mounted/projects/worktest/meta-studio/news-api/app/serializers/age_category_serializer.rb": {
        "lines": [
          null,
          null,
          1,
          1,
          null
        ]
      },
      "/home/slon/mounted/projects/worktest/meta-studio/news-api/app/serializers/user_serializer.rb": {
        "lines": [
          null,
          null,
          1,
          1,
          null
        ]
      },
      "/home/slon/mounted/projects/worktest/meta-studio/news-api/app/serializers/news_category_serializer.rb": {
        "lines": [
          null,
          null,
          1,
          1,
          null
        ]
      },
      "/home/slon/mounted/projects/worktest/meta-studio/news-api/app/serializers/news_serializer.rb": {
        "lines": [
          null,
          null,
          1,
          1,
          null
        ]
      },
      "/home/slon/mounted/projects/worktest/meta-studio/news-api/app/serializers/news_list_item_serializer.rb": {
        "lines": [
          null,
          null,
          1,
          1,
          null
        ]
      }
    },
    "timestamp": 1586060122
  }
}
