{
  "RSpec": {
    "coverage": {
      "/home/slon/mounted/projects/worktest/meta-studio/news-api/app/controllers/age_categories_controller.rb": {
        "lines": [
          null,
          null,
          1,
          1,
          2,
          null,
          2,
          null,
          null
        ]
      },
      "/home/slon/mounted/projects/worktest/meta-studio/news-api/app/controllers/api_controller.rb": {
        "lines": [
          null,
          null,
          1,
          null,
          1,
          1,
          null,
          1,
          1,
          null,
          1,
          null,
          1,
          8,
          null,
          null,
          1,
          8,
          8,
          null,
          null
        ]
      },
      "/home/slon/mounted/projects/worktest/meta-studio/news-api/app/controllers/application_controller.rb": {
        "lines": [
          null,
          null,
          1,
          null
        ]
      },
      "/home/slon/mounted/projects/worktest/meta-studio/news-api/app/controllers/concerns/authentication.rb": {
        "lines": [
          null,
          null,
          1,
          1,
          null,
          1,
          1,
          null,
          null,
          1,
          null,
          1,
          5,
          5,
          5,
          5,
          null,
          null,
          1,
          5,
          null,
          5,
          null,
          null
        ]
      },
      "/home/slon/mounted/projects/worktest/meta-studio/news-api/app/controllers/authentication_controller.rb": {
        "lines": [
          null,
          null,
          1,
          1,
          1,
          null,
          1,
          2,
          2,
          2,
          1,
          null,
          null,
          null,
          null,
          null,
          null,
          null,
          1,
          null,
          null,
          null,
          1,
          null,
          1,
          2,
          null,
          null,
          1,
          2,
          null,
          null,
          null,
          null,
          null,
          1,
          10,
          null,
          null,
          null,
          null,
          null,
          10,
          10,
          null,
          null
        ]
      },
      "/home/slon/mounted/projects/worktest/meta-studio/news-api/app/controllers/users_controller.rb": {
        "lines": [
          null,
          null,
          1,
          null,
          1,
          null,
          1,
          1,
          null,
          null,
          null,
          1,
          3,
          null,
          3,
          2,
          null,
          1,
          null,
          null,
          null,
          1,
          null,
          null,
          1,
          3,
          3,
          null,
          null
        ]
      },
      "/home/slon/mounted/projects/worktest/meta-studio/news-api/app/models/age_category.rb": {
        "lines": [
          null,
          null,
          1,
          1,
          1,
          1,
          1,
          null,
          1,
          null,
          1,
          null,
          1,
          5,
          5,
          null,
          null,
          null,
          1,
          3,
          5,
          null,
          null,
          null
        ]
      },
      "/home/slon/mounted/projects/worktest/meta-studio/news-api/app/models/user.rb": {
        "lines": [
          null,
          null,
          1,
          1,
          null,
          1,
          1,
          null
        ]
      },
      "/home/slon/mounted/projects/worktest/meta-studio/news-api/app/models/application_record.rb": {
        "lines": [
          1,
          1,
          null
        ]
      },
      "/home/slon/mounted/projects/worktest/meta-studio/news-api/lib/authenticate_user.rb": {
        "lines": [
          null,
          null,
          1,
          1,
          null,
          1,
          5,
          5,
          null,
          null,
          1,
          5,
          null,
          null,
          1,
          null,
          1,
          null,
          1,
          9,
          9,
          null,
          1,
          null,
          null,
          null
        ]
      },
      "/home/slon/mounted/projects/worktest/meta-studio/news-api/lib/json_web_token.rb": {
        "lines": [
          null,
          null,
          1,
          1,
          1,
          4,
          4,
          null,
          null,
          1,
          5,
          3,
          null,
          2,
          null,
          null,
          null
        ]
      },
      "/home/slon/mounted/projects/worktest/meta-studio/news-api/app/models/current.rb": {
        "lines": [
          null,
          null,
          1,
          1,
          1,
          1,
          null,
          1,
          null,
          1,
          7,
          7,
          null,
          null,
          1,
          8,
          8,
          null,
          null
        ]
      },
      "/home/slon/mounted/projects/worktest/meta-studio/news-api/lib/authorize_api_request.rb": {
        "lines": [
          null,
          null,
          1,
          1,
          null,
          1,
          null,
          1,
          5,
          null,
          null,
          1,
          5,
          5,
          null,
          null,
          1,
          null,
          1,
          5,
          null,
          3,
          null,
          null,
          1,
          8,
          null,
          null,
          1,
          10,
          null,
          null
        ]
      },
      "/home/slon/mounted/projects/worktest/meta-studio/news-api/app/serializers/age_category_serializer.rb": {
        "lines": [
          null,
          null,
          1,
          1,
          null
        ]
      },
      "/home/slon/mounted/projects/worktest/meta-studio/news-api/app/serializers/user_serializer.rb": {
        "lines": [
          null,
          null,
          1,
          1,
          null,
          null
        ]
      }
    },
    "timestamp": 1585989542
  }
}
